Performing C SOURCE FILE Test CMAKE_HAVE_LIBC_PTHREAD failed with the following output:
Change Dir: /media/rsl-admin/xavier_ssd/yif/internship/catkin_ws/build/CMakeFiles/CMakeTmp

Run Build Command(s):/usr/bin/make -f Makefile cmTC_88529/fast && /usr/bin/make  -f CMakeFiles/cmTC_88529.dir/build.make CMakeFiles/cmTC_88529.dir/build
make[1]: Entering directory '/media/rsl-admin/xavier_ssd/yif/internship/catkin_ws/build/CMakeFiles/CMakeTmp'
Building C object CMakeFiles/cmTC_88529.dir/src.c.o
/usr/bin/cc -DCMAKE_HAVE_LIBC_PTHREAD   -o CMakeFiles/cmTC_88529.dir/src.c.o -c /media/rsl-admin/xavier_ssd/yif/internship/catkin_ws/build/CMakeFiles/CMakeTmp/src.c
Linking C executable cmTC_88529
/usr/local/bin/cmake -E cmake_link_script CMakeFiles/cmTC_88529.dir/link.txt --verbose=1
/usr/bin/cc -rdynamic CMakeFiles/cmTC_88529.dir/src.c.o -o cmTC_88529 
CMakeFiles/cmTC_88529.dir/src.c.o: In function `main':
src.c:(.text+0x48): undefined reference to `pthread_create'
src.c:(.text+0x50): undefined reference to `pthread_detach'
src.c:(.text+0x58): undefined reference to `pthread_cancel'
src.c:(.text+0x64): undefined reference to `pthread_join'
src.c:(.text+0x74): undefined reference to `pthread_atfork'
collect2: error: ld returned 1 exit status
CMakeFiles/cmTC_88529.dir/build.make:98: recipe for target 'cmTC_88529' failed
make[1]: *** [cmTC_88529] Error 1
make[1]: Leaving directory '/media/rsl-admin/xavier_ssd/yif/internship/catkin_ws/build/CMakeFiles/CMakeTmp'
Makefile:127: recipe for target 'cmTC_88529/fast' failed
make: *** [cmTC_88529/fast] Error 2


Source file was:
#include <pthread.h>

static void* test_func(void* data)
{
  return data;
}

int main(void)
{
  pthread_t thread;
  pthread_create(&thread, NULL, test_func, NULL);
  pthread_detach(thread);
  pthread_cancel(thread);
  pthread_join(thread, NULL);
  pthread_atfork(NULL, NULL, NULL);
  pthread_exit(NULL);

  return 0;
}

Determining if the function pthread_create exists in the pthreads failed with the following output:
Change Dir: /media/rsl-admin/xavier_ssd/yif/internship/catkin_ws/build/CMakeFiles/CMakeTmp

Run Build Command(s):/usr/bin/make -f Makefile cmTC_6499d/fast && /usr/bin/make  -f CMakeFiles/cmTC_6499d.dir/build.make CMakeFiles/cmTC_6499d.dir/build
make[1]: Entering directory '/media/rsl-admin/xavier_ssd/yif/internship/catkin_ws/build/CMakeFiles/CMakeTmp'
Building C object CMakeFiles/cmTC_6499d.dir/CheckFunctionExists.c.o
/usr/bin/cc   -DCHECK_FUNCTION_EXISTS=pthread_create -o CMakeFiles/cmTC_6499d.dir/CheckFunctionExists.c.o -c /usr/local/share/cmake-3.21/Modules/CheckFunctionExists.c
Linking C executable cmTC_6499d
/usr/local/bin/cmake -E cmake_link_script CMakeFiles/cmTC_6499d.dir/link.txt --verbose=1
/usr/bin/cc  -DCHECK_FUNCTION_EXISTS=pthread_create -rdynamic CMakeFiles/cmTC_6499d.dir/CheckFunctionExists.c.o -o cmTC_6499d  -lpthreads 
/usr/bin/ld: cannot find -lpthreads
collect2: error: ld returned 1 exit status
CMakeFiles/cmTC_6499d.dir/build.make:98: recipe for target 'cmTC_6499d' failed
make[1]: *** [cmTC_6499d] Error 1
make[1]: Leaving directory '/media/rsl-admin/xavier_ssd/yif/internship/catkin_ws/build/CMakeFiles/CMakeTmp'
Makefile:127: recipe for target 'cmTC_6499d/fast' failed
make: *** [cmTC_6499d/fast] Error 2



